Using pre-set license
Built from '2020.3/staging' branch; Version is '2020.3.30f1 (1fb1bf06830e) revision 2077119'; Using compiler version '192528614'; Build Type 'Release'
OS: 'Windows 10  (10.0.19045) 64bit Core' Language: 'zh' Physical Memory: 16233 MB
BatchMode: 1, IsHumanControllingUs: 0, StartBugReporterOnCrash: 0, Is64bit: 1, IsPro: 0

COMMAND LINE ARGUMENTS:
C:\Program Files\Unity\Hub\Editor\2020.3.30f1\Editor\Unity.exe
-adb2
-batchMode
-noUpm
-name
AssetImportWorker0
-projectPath
C:/Users/sunny/OneDrive/Documents/strayDOG_/Assets/cc/118
-logFile
Logs/AssetImportWorker0.log
-srvPort
62396
Successfully changed project path to: C:/Users/sunny/OneDrive/Documents/strayDOG_/Assets/cc/118
C:/Users/sunny/OneDrive/Documents/strayDOG_/Assets/cc/118
Using Asset Import Pipeline V2.
Refreshing native plugins compatible for Editor in 30.11 ms, found 2 plugins.
Preloading 0 native plugins for Editor in 0.00 ms.
Initialize engine version: 2020.3.30f1 (1fb1bf06830e)
[Subsystems] Discovering subsystems at path C:/Program Files/Unity/Hub/Editor/2020.3.30f1/Editor/Data/Resources/UnitySubsystems
[Subsystems] Discovering subsystems at path C:/Users/sunny/OneDrive/Documents/strayDOG_/Assets/cc/118/Assets
GfxDevice: creating device client; threaded=0
Direct3D:
    Version:  Direct3D 11.0 [level 11.1]
    Renderer: NVIDIA GeForce RTX 2060 (ID=0x1f11)
    Vendor:   
    VRAM:     5980 MB
    Driver:   30.0.15.1278
Initialize mono
Mono path[0] = 'C:/Program Files/Unity/Hub/Editor/2020.3.30f1/Editor/Data/Managed'
Mono path[1] = 'C:/Program Files/Unity/Hub/Editor/2020.3.30f1/Editor/Data/MonoBleedingEdge/lib/mono/unityjit'
Mono config path = 'C:/Program Files/Unity/Hub/Editor/2020.3.30f1/Editor/Data/MonoBleedingEdge/etc'
Using monoOptions --debugger-agent=transport=dt_socket,embedding=1,server=y,suspend=n,address=127.0.0.1:56504
Begin MonoManager ReloadAssembly
Registering precompiled unity dll's ...
Register platform support module: C:/Program Files/Unity/Hub/Editor/2020.3.30f1/Editor/Data/PlaybackEngines/WindowsStandaloneSupport/UnityEditor.WindowsStandalone.Extensions.dll
Registered in 0.002561 seconds.
Native extension for WindowsStandalone target not found
Refreshing native plugins compatible for Editor in 27.17 ms, found 2 plugins.
Preloading 0 native plugins for Editor in 0.00 ms.
Mono: successfully reloaded assembly
- Completed reload, in  0.669 seconds
Domain Reload Profiling:
	ReloadAssembly (669ms)
		BeginReloadAssembly (95ms)
			ExecutionOrderSort (0ms)
			DisableScriptedObjects (0ms)
			BackupInstance (0ms)
			ReleaseScriptingObjects (0ms)
			CreateAndSetChildDomain (1ms)
		EndReloadAssembly (462ms)
			LoadAssemblies (90ms)
			RebuildTransferFunctionScriptingTraits (0ms)
			SetupTypeCache (167ms)
			ReleaseScriptCaches (0ms)
			RebuildScriptCaches (30ms)
			SetupLoadedEditorAssemblies (162ms)
				LogAssemblyErrors (0ms)
				InitializePlatformSupportModulesInManaged (4ms)
				SetLoadedEditorAssemblies (0ms)
				RefreshPlugins (27ms)
				BeforeProcessingInitializeOnLoad (9ms)
				ProcessInitializeOnLoadAttributes (85ms)
				ProcessInitializeOnLoadMethodAttributes (36ms)
				AfterProcessingInitializeOnLoad (0ms)
				EditorAssembliesLoaded (0ms)
			ExecutionOrderSort2 (0ms)
			AwakeInstancesAfterBackupRestoration (0ms)
Platform modules already initialized, skipping
Registering precompiled user dll's ...
Registered in 0.004082 seconds.
Begin MonoManager ReloadAssembly
Native extension for WindowsStandalone target not found
Refreshing native plugins compatible for Editor in 0.33 ms, found 2 plugins.
Preloading 0 native plugins for Editor in 0.00 ms.
Mono: successfully reloaded assembly
- Completed reload, in  0.942 seconds
Domain Reload Profiling:
	ReloadAssembly (943ms)
		BeginReloadAssembly (149ms)
			ExecutionOrderSort (0ms)
			DisableScriptedObjects (5ms)
			BackupInstance (0ms)
			ReleaseScriptingObjects (0ms)
			CreateAndSetChildDomain (17ms)
		EndReloadAssembly (734ms)
			LoadAssemblies (90ms)
			RebuildTransferFunctionScriptingTraits (0ms)
			SetupTypeCache (258ms)
			ReleaseScriptCaches (0ms)
			RebuildScriptCaches (37ms)
			SetupLoadedEditorAssemblies (276ms)
				LogAssemblyErrors (0ms)
				InitializePlatformSupportModulesInManaged (5ms)
				SetLoadedEditorAssemblies (0ms)
				RefreshPlugins (0ms)
				BeforeProcessingInitializeOnLoad (54ms)
				ProcessInitializeOnLoadAttributes (194ms)
				ProcessInitializeOnLoadMethodAttributes (10ms)
				AfterProcessingInitializeOnLoad (12ms)
				EditorAssembliesLoaded (0ms)
			ExecutionOrderSort2 (0ms)
			AwakeInstancesAfterBackupRestoration (6ms)
Platform modules already initialized, skipping
========================================================================
Worker process is ready to serve import requests
Launched and connected shader compiler UnityShaderCompiler.exe after 0.06 seconds
Refreshing native plugins compatible for Editor in 0.27 ms, found 2 plugins.
Preloading 0 native plugins for Editor in 0.00 ms.
Unloading 1502 Unused Serialized files (Serialized files now loaded: 0)
System memory in use before: 67.7 MB.
System memory in use after: 67.7 MB.

Unloading 16 unused Assets to reduce memory usage. Loaded Objects now: 1937.
Total: 2.824000 ms (FindLiveObjects: 0.117200 ms CreateObjectMapping: 0.037800 ms MarkObjects: 2.607300 ms  DeleteObjects: 0.061000 ms)

AssetImportParameters requested are different than current active one (requested -> active):
  custom:framework-win-MediaFoundation: 216162199b28c13a410421893ffa2e32 -> 
  custom:video-decoder-ogg-theora: a1e56fd34408186e4bbccfd4996cb3dc -> 
  custom:container-muxer-webm: aa71ff27fc2769a1b78a27578f13a17b -> 
  custom:container-demuxer-webm: 4f35f7cbe854078d1ac9338744f61a02 -> 
  custom:container-demuxer-ogg: 62fdf1f143b41e24485cea50d1cbac27 -> 
  custom:video-encoder-webm-vp8: eb34c28f22e8b96e1ab97ce403110664 -> 
  custom:video-codec-MediaFoundation-h265: 746d11721c4dcdbdad8f713fa42b33f4 -> 
  custom:video-decoder-webm-vp8: 9c59270c3fd7afecdb556c50c9e8de78 -> 
  custom:audio-decoder-ogg-vorbis: bf7c407c2cedff20999df2af8eb42d56 -> 
  custom:audio-encoder-webm-vorbis: bf7c407c2cedff20999df2af8eb42d56 -> 
========================================================================
Received Import Request.
  path: Assets
  artifactKey: Guid(00000000000000001000000000000000) Importer(815301076,1909f56bfc062723c751e8b465ee728b)
Start importing Assets using Guid(00000000000000001000000000000000) Importer(815301076,1909f56bfc062723c751e8b465ee728b)  -> (artifact id: '42d402b061de3733987d63b9cc3b64de') in 0.010642 seconds 
========================================================================
Received Import Request.
  Time since last request: 1165.610937 seconds.
  path: Assets/png
  artifactKey: Guid(8faf1253c67fefe49a9acba012bb2f5a) Importer(815301076,1909f56bfc062723c751e8b465ee728b)
Start importing Assets/png using Guid(8faf1253c67fefe49a9acba012bb2f5a) Importer(815301076,1909f56bfc062723c751e8b465ee728b)  -> (artifact id: '25c40ceb472efb42e7a2c672b70ed129') in 0.009648 seconds 
========================================================================
Received Import Request.
  Time since last request: 140.597247 seconds.
  path: Assets/png/grass03.png
  artifactKey: Guid(c4e838231589ab24fb3412d417385227) Importer(815301076,1909f56bfc062723c751e8b465ee728b)
Start importing Assets/png/grass03.png using Guid(c4e838231589ab24fb3412d417385227) Importer(815301076,1909f56bfc062723c751e8b465ee728b)  -> (artifact id: 'ae731245497e60509d04234e300d4ac1') in 0.082657 seconds 
========================================================================
Received Import Request.
  Time since last request: 116.839932 seconds.
  path: Assets/png/60b6730a4d93d34c84196ea5_image4.png
  artifactKey: Guid(1776b38562639a64793ca9511ad3daa9) Importer(815301076,1909f56bfc062723c751e8b465ee728b)
Start importing Assets/png/60b6730a4d93d34c84196ea5_image4.png using Guid(1776b38562639a64793ca9511ad3daa9) Importer(815301076,1909f56bfc062723c751e8b465ee728b)  -> (artifact id: '5ac1dc03fe7c3e02d2f35016fd180b74') in 0.021940 seconds 
========================================================================
Received Import Request.
  Time since last request: 186.150815 seconds.
  path: Assets/png/ESfjJMLUwAAhp0K.jpg
  artifactKey: Guid(271d39467286e70439b4c59f7d69cccb) Importer(815301076,1909f56bfc062723c751e8b465ee728b)
Start importing Assets/png/ESfjJMLUwAAhp0K.jpg using Guid(271d39467286e70439b4c59f7d69cccb) Importer(815301076,1909f56bfc062723c751e8b465ee728b)  -> (artifact id: 'ed537e84ecc5a5dfb3303d36943bc5e4') in 0.031847 seconds 
========================================================================
Received Import Request.
  Time since last request: 3386.149970 seconds.
  path: Assets/png/grass.png
  artifactKey: Guid(ece3154144f4fcf40b89c636aadfd473) Importer(815301076,1909f56bfc062723c751e8b465ee728b)
Start importing Assets/png/grass.png using Guid(ece3154144f4fcf40b89c636aadfd473) Importer(815301076,1909f56bfc062723c751e8b465ee728b)  -> (artifact id: '2b6338c645fe6e40c8a8bb4263207a0b') in 0.034415 seconds 
========================================================================
Received Import Request.
  Time since last request: 174230.067531 seconds.
  path: Assets/png/tree.jpg
  artifactKey: Guid(3c0afda4233c720469217aa93c91cd0e) Importer(815301076,1909f56bfc062723c751e8b465ee728b)
Start importing Assets/png/tree.jpg using Guid(3c0afda4233c720469217aa93c91cd0e) Importer(815301076,1909f56bfc062723c751e8b465ee728b)  -> (artifact id: 'b462b0817f0ccaf658aa9fe633092953') in 0.080672 seconds 
========================================================================
Received Import Request.
  Time since last request: 0.000478 seconds.
  path: Assets/png/tree1.png
  artifactKey: Guid(a5676156390129a4eb8cf6093f44954a) Importer(815301076,1909f56bfc062723c751e8b465ee728b)
Start importing Assets/png/tree1.png using Guid(a5676156390129a4eb8cf6093f44954a) Importer(815301076,1909f56bfc062723c751e8b465ee728b)  -> (artifact id: 'a36705434dff804690845eba4e68d4e6') in 0.020255 seconds 
